<?xml version="1.0" encoding="UTF-8"?>
<testsuite xmlns:xsi="http://www.w3.org/2001/XMLSchema-instance" xsi:noNamespaceSchemaLocation="https://maven.apache.org/surefire/maven-surefire-plugin/xsd/surefire-test-report-3.0.xsd" version="3.0" name="RationalTest" time="0.008" tests="15" errors="0" skipped="0" failures="0">
  <properties>
[...]
</properties>
  <testcase name="add" classname="RationalTest" time="0"/>
  <testcase name="div" classname="RationalTest" time="0"/>
  <testcase name="sub" classname="RationalTest" time="0"/>
  <testcase name="lсm" classname="RationalTest" time="0"/>
  <testcase name="add1" classname="RationalTest" time="0"/>
  <testcase name="add2" classname="RationalTest" time="0"/>
  <testcase name="div1" classname="RationalTest" time="0"/>
  <testcase name="div2" classname="RationalTest" time="0"/>
  <testcase name="div3" classname="RationalTest" time="0"/>
  <testcase name="sub1" classname="RationalTest" time="0"/>
  <testcase name="sub2" classname="RationalTest" time="0"/>
  <testcase name="sub3" classname="RationalTest" time="0"/>
  <testcase name="lсm1" classname="RationalTest" time="0"/>
  <testcase name="lсm2" classname="RationalTest" time="0"/>
  <testcase name="isEqual" classname="RationalTest" time="0"/>
</testsuite>